########### array before sorts ###########
0	-2.000000	1.000000	85.000000	1.000000	n
1	85.000000	1.000000	85.000000	48.000000	n
2	85.000000	48.000000	-2.000000	48.000000	n
3	-2.000000	48.000000	-2.000000	1.000000	n
Tolerance=0.050000.
*Exact match for i=0 and j=1.
*i point -2.000000	1.000000	85.000000	1.000000	y
*Exact match for i=1 and j=2.
*i point 85.000000	1.000000	85.000000	48.000000	y
*Exact match for i=2 and j=3.
*i point 85.000000	48.000000	-2.000000	48.000000	y
########### array after sorts ###########
0	-2.000000	1.000000	85.000000	1.000000	y
1	85.000000	1.000000	85.000000	48.000000	y
2	85.000000	48.000000	-2.000000	48.000000	y
3	-2.000000	48.000000	-2.000000	1.000000	y
***************
.BOARD_OUTLINE UNOWNED
1.6
0     -2.000000     1.000000     0
0     85.000000     1.000000     0
0     85.000000     48.000000     0
0     -2.000000     48.000000     0
0     -2.000000     1.000000     0
